0 long sys_restart_syscall(void);
1 long sys_exit( int  error_code);
2 int sys_fork(struct pt_regs *regs);
3 long sys_read( unsigned int  fd, off_t  offset, unsigned int  origin);
4 long sys_write( unsigned int  fd, off_t  offset, unsigned int  origin);
5 long sys_open(void);
6 long sys_close(void);
7 long sys_waitpid( int  error_code);
8 long sys_creat(void);
9 long sys_link( int  dfd, const char __user *  filename, umode_t  mode,unsigned  dev);
10 long sys_unlink( int  dfd, const char __user *  filename, umode_t  mode,unsigned  dev);
11 long sys_execve(const char __user *name,const char __user *const __user *argv,const char __user *const __user *envp, struct pt_regs *regs);
12 long sys_chdir(void);
13 long sys_time( time_t __user *  tloc);
14 long sys_mknod( int  dfd, const char __user *  filename, umode_t  mode,unsigned  dev);
15 long sys_chmod(void);
16 long sys_lchown16(void);
18 long sys_stat( const char __user *  filename,struct __old_kernel_stat __user *  statbuf);
19 long sys_lseek( unsigned int  fd, off_t  offset, unsigned int  origin);
20 long sys_getpid(void);
21 long sys_mount( char __user *  name, int  flags);
22 long sys_oldumount( char __user *  name, int  flags);
23 long sys_setuid16(void);
24 long sys_getuid16(void);
25 long sys_stime( time_t __user *  tloc);
26 long sys_ptrace( long  request, long  pid, unsigned long  addr,unsigned long  data);
27 long sys_alarm(void);
28 long sys_fstat( const char __user *  filename,struct __old_kernel_stat __user *  statbuf);
29 long sys_pause(void);
30 long sys_utime( char __user *  filename, struct utimbuf __user *  times);
33 long sys_access(void);
34 long sys_nice(void);
36 long sys_sync(void);
37 long sys_kill(void);
38 long sys_rename( int  dfd, const char __user *  filename, umode_t  mode,unsigned  dev);
39 long sys_mkdir( int  dfd, const char __user *  filename, umode_t  mode,unsigned  dev);
40 long sys_rmdir( int  dfd, const char __user *  filename, umode_t  mode,unsigned  dev);
41 long sys_dup( unsigned int  oldfd, unsigned int  newfd, int  flags);
42 long sys_pipe( int __user *  fildes, int  flags);
43 long sys_times(void);
45 long sys_brk( unsigned long  brk);
46 long sys_setgid16(void);
47 long sys_getgid16(void);
48 long sys_signal(void);
49 long sys_geteuid16(void);
50 long sys_getegid16(void);
51 long sys_acct( const char __user *  name);
52 long sys_umount( char __user *  name, int  flags);
54 long sys_ioctl( unsigned int  fd, unsigned int  cmd, unsigned long  arg);
55 long sys_fcntl( unsigned int  oldfd, unsigned int  newfd, int  flags);
57 long sys_setpgid(void);
59 long sys_olduname(void);
60 long sys_umask(void);
61 long sys_chroot(void);
62 long sys_ustat( const char __user *  pathname, struct statfs __user *  buf);
63 long sys_dup2( unsigned int  oldfd, unsigned int  newfd, int  flags);
64 long sys_getppid(void);
65 long sys_getpgrp(void);
66 long sys_setsid(void);
67 int sys_sigaction(int sig, const struct old_sigaction __user *act,      struct old_sigaction __user *oact);
68 long sys_sgetmask(void);
69 long sys_ssetmask(void);
70 long sys_setreuid16(void);
71 long sys_setregid16(void);
72 int sys_sigsuspend(int history0, int history1, old_sigset_t mask);
73 long sys_sigpending(void);
74 long sys_sethostname(void);
75 long sys_setrlimit(void);
76 long sys_old_getrlimit(void);
77 long sys_getrusage(void);
78 long sys_gettimeofday( time_t __user *  tloc);
79 long sys_settimeofday( time_t __user *  tloc);
80 long sys_getgroups16(void);
81 long sys_setgroups16(void);
82 long sys_old_select( int  n, fd_set __user *  inp, fd_set __user *  outp,fd_set __user *  exp, struct timeval __user *  tvp);
83 long sys_symlink( int  dfd, const char __user *  filename, umode_t  mode,unsigned  dev);
84 long sys_lstat( const char __user *  filename,struct __old_kernel_stat __user *  statbuf);
85 long sys_readlink( const char __user *  filename,struct __old_kernel_stat __user *  statbuf);
86 long sys_uselib( const char __user *  library);
87 long sys_swapon( const char __user *  specialfile);
88 long sys_reboot(void);
89 long sys_old_readdir( unsigned int  fd,struct old_linux_dirent __user *  dirent, unsigned int  count);
90 long sys_old_mmap( unsigned long  brk);
91 long sys_munmap( unsigned long  brk);
92 long sys_truncate(void);
93 long sys_ftruncate(void);
94 long sys_fchmod(void);
95 long sys_fchown16(void);
96 long sys_getpriority(void);
97 long sys_setpriority(void);
99 long sys_statfs( const char __user *  pathname, struct statfs __user *  buf);
100 long sys_fstatfs( const char __user *  pathname, struct statfs __user *  buf);
101 long sys_ioperm(unsigned long from, unsigned long num, int turn_on);
102 long sys_socketcall( int  family, int  type, int  protocol);
103 long sys_syslog( int  type, char __user *  buf, int  len);
104 long sys_setitimer( int  which, struct itimerval __user *  value);
105 long sys_getitimer( int  which, struct itimerval __user *  value);
106 long sys_newstat( const char __user *  filename,struct __old_kernel_stat __user *  statbuf);
107 long sys_newlstat( const char __user *  filename,struct __old_kernel_stat __user *  statbuf);
108 long sys_newfstat( const char __user *  filename,struct __old_kernel_stat __user *  statbuf);
109 long sys_uname(void);
110 long sys_iopl(unsigned int level, struct pt_regs *regs);
111 long sys_vhangup(void);
113 int sys_vm86old(struct vm86_struct __user *v86, struct pt_regs *regs);
114 long sys_wait4( int  error_code);
115 long sys_swapoff( const char __user *  specialfile);
116 long sys_sysinfo(void);
117 long sys_ipc( unsigned int  call, int  first, unsigned long  second,unsigned long  third, void __user *  ptr, long  fifth);
118 long sys_fsync(void);
119 unsigned sys_sigreturn(struct pt_regs *regs);
120 long sys_clone(unsigned long clone_flags, unsigned long newsp,  void __user *parent_tid, void __user *child_tid, struct pt_regs *regs);
121 long sys_setdomainname(void);
122 long sys_newuname(void);
123 int sys_modify_ldt(int func, void __user *ptr,      unsigned long bytecount);
124 long sys_adjtimex( time_t __user *  tloc);
125 long sys_mprotect( unsigned long  start, size_t  len,unsigned long  prot);
126 long sys_sigprocmask(void);
128 long sys_init_module( const char __user *  name_user,unsigned int  flags);
129 long sys_delete_module( const char __user *  name_user,unsigned int  flags);
131 long sys_quotactl( unsigned int  cmd, const char __user *  special,qid_t  id, void __user *  addr);
132 long sys_getpgid(void);
133 long sys_fchdir(void);
134 long sys_bdflush( int  func, long  data);
135 long sys_sysfs( int  option, unsigned long  arg1, unsigned long  arg2);
136 long sys_personality( unsigned int  personality);
138 long sys_setfsuid16(void);
139 long sys_setfsgid16(void);
140 long sys_llseek( unsigned int  fd, off_t  offset, unsigned int  origin);
141 long sys_getdents( unsigned int  fd,struct old_linux_dirent __user *  dirent, unsigned int  count);
142 long sys_select( int  n, fd_set __user *  inp, fd_set __user *  outp,fd_set __user *  exp, struct timeval __user *  tvp);
143 long sys_flock( unsigned int  fd, unsigned int  cmd);
144 long sys_msync( unsigned long  start, size_t  len, int  flags);
145 long sys_readv( unsigned int  fd, off_t  offset, unsigned int  origin);
146 long sys_writev( unsigned int  fd, off_t  offset, unsigned int  origin);
147 long sys_getsid(void);
148 long sys_fdatasync(void);
149 long sys_sysctl( struct __sysctl_args __user *  args);
150 long sys_mlock(void);
151 long sys_munlock(void);
152 long sys_mlockall(void);
153 long sys_munlockall(void);
154 long sys_sched_setparam(void);
155 long sys_sched_getparam(void);
156 long sys_sched_setscheduler(void);
157 long sys_sched_getscheduler(void);
158 long sys_sched_yield(void);
159 long sys_sched_get_priority_max(void);
160 long sys_sched_get_priority_min(void);
161 long sys_sched_rr_get_interval(void);
162 long sys_nanosleep( struct timespec __user *  rqtp,struct timespec __user *  rmtp);
163 long sys_mremap( unsigned long  addr, unsigned long  old_len,unsigned long  new_len, unsigned long  flags,unsigned long  new_addr);
164 long sys_setresuid16(void);
165 long sys_getresuid16(void);
166 int sys_vm86(struct kernel_vm86_struct *info, struct task_struct *tsk);
168 long sys_poll( int  n, fd_set __user *  inp, fd_set __user *  outp,fd_set __user *  exp, struct timeval __user *  tvp);
170 long sys_setresgid16(void);
171 long sys_getresgid16(void);
172 long sys_prctl(void);
173 long sys_rt_sigreturn(struct pt_regs *regs);
174 long sys_rt_sigaction(void);
175 long sys_rt_sigprocmask(void);
176 long sys_rt_sigpending(void);
177 long sys_rt_sigtimedwait(void);
178 long sys_rt_sigqueueinfo(void);
179 long sys_rt_sigsuspend(void);
180 long sys_pread64( unsigned int  fd, off_t  offset, unsigned int  origin);
181 long sys_pwrite64( unsigned int  fd, off_t  offset, unsigned int  origin);
182 long sys_chown16(void);
183 long sys_getcwd( char __user *  buf, unsigned long  size);
184 long sys_capget( cap_user_header_t  header, cap_user_data_t  dataptr);
185 long sys_capset( cap_user_header_t  header, cap_user_data_t  dataptr);
186 long sys_sigaltstack(const stack_t __user *uss, stack_t __user *uoss,struct pt_regs *regs);
187 long sys_sendfile( unsigned int  fd, off_t  offset, unsigned int  origin);
190 int sys_vfork(struct pt_regs *regs);
191 long sys_getrlimit(void);
192 long sys_mmap_pgoff( unsigned long  brk);
193 long sys_truncate64(void);
194 long sys_ftruncate64(void);
195 long sys_stat64( const char __user *  filename,struct __old_kernel_stat __user *  statbuf);
196 long sys_lstat64( const char __user *  filename,struct __old_kernel_stat __user *  statbuf);
197 long sys_fstat64( const char __user *  filename,struct __old_kernel_stat __user *  statbuf);
198 long sys_lchown(void);
199 long sys_getuid(void);
200 long sys_getgid(void);
201 long sys_geteuid(void);
202 long sys_getegid(void);
203 long sys_setreuid(void);
204 long sys_setregid(void);
205 long sys_getgroups( int  gidsetsize, gid_t __user *  grouplist);
206 long sys_setgroups( int  gidsetsize, gid_t __user *  grouplist);
207 long sys_fchown(void);
208 long sys_setresuid(void);
209 long sys_getresuid(void);
210 long sys_setresgid(void);
211 long sys_getresgid(void);
212 long sys_chown(void);
213 long sys_setuid(void);
214 long sys_setgid(void);
215 long sys_setfsuid(void);
216 long sys_setfsgid(void);
217 long sys_pivot_root( char __user *  name, int  flags);
218 long sys_mincore( unsigned long  start, size_t  len,unsigned char __user *  vec);
219 long sys_madvise( unsigned long  start, size_t  len_in, int  behavior);
220 long sys_getdents64( unsigned int  fd,struct old_linux_dirent __user *  dirent, unsigned int  count);
221 long sys_fcntl64( unsigned int  oldfd, unsigned int  newfd, int  flags);
224 long sys_gettid(void);
225 long sys_readahead((int fd, loff_t offset, size_t count);
226 long sys_setxattr( const char __user *  pathname,const char __user *  name, const void __user *  value,size_t  size, int  flags);
227 long sys_lsetxattr( const char __user *  pathname,const char __user *  name, const void __user *  value,size_t  size, int  flags);
228 long sys_fsetxattr( const char __user *  pathname,const char __user *  name, const void __user *  value,size_t  size, int  flags);
229 long sys_getxattr( const char __user *  pathname,const char __user *  name, const void __user *  value,size_t  size, int  flags);
230 long sys_lgetxattr( const char __user *  pathname,const char __user *  name, const void __user *  value,size_t  size, int  flags);
231 long sys_fgetxattr( const char __user *  pathname,const char __user *  name, const void __user *  value,size_t  size, int  flags);
232 long sys_listxattr( const char __user *  pathname,const char __user *  name, const void __user *  value,size_t  size, int  flags);
233 long sys_llistxattr( const char __user *  pathname,const char __user *  name, const void __user *  value,size_t  size, int  flags);
234 long sys_flistxattr( const char __user *  pathname,const char __user *  name, const void __user *  value,size_t  size, int  flags);
235 long sys_removexattr( const char __user *  pathname,const char __user *  name, const void __user *  value,size_t  size, int  flags);
236 long sys_lremovexattr( const char __user *  pathname,const char __user *  name, const void __user *  value,size_t  size, int  flags);
237 long sys_fremovexattr( const char __user *  pathname,const char __user *  name, const void __user *  value,size_t  size, int  flags);
238 long sys_tkill(void);
239 long sys_sendfile64( unsigned int  fd, off_t  offset, unsigned int  origin);
240 long sys_futex( struct robust_list_head __user *  head,size_t  len);
241 long sys_sched_setaffinity(void);
242 long sys_sched_getaffinity(void);
243 int sys_set_thread_area(struct user_desc __user *u_info);
244 int sys_get_thread_area(struct user_desc __user *u_info);
245 long sys_io_setup( unsigned  nr_events, aio_context_t __user *  ctxp);
246 long sys_io_destroy( unsigned  nr_events, aio_context_t __user *  ctxp);
247 long sys_io_getevents( unsigned  nr_events, aio_context_t __user *  ctxp);
248 long sys_io_submit( unsigned  nr_events, aio_context_t __user *  ctxp);
249 long sys_io_cancel( unsigned  nr_events, aio_context_t __user *  ctxp);
250 long sys_fadvise64((int fd, loff_t offset, loff_t len, int advice);
252 long sys_exit_group( int  error_code);
253 long sys_lookup_dcookie((u64 cookie64, char __user * buf, size_t len);
254 long sys_epoll_create( int  flags);
255 long sys_epoll_ctl( int  flags);
256 long sys_epoll_wait( int  flags);
257 long sys_remap_file_pages( unsigned long  start, unsigned long  size,unsigned long  prot, unsigned long  pgoff, unsigned long  flags);
258 long sys_set_tid_address( int __user *  tidptr);
259 long sys_timer_create( const clockid_t  which_clock,struct sigevent __user *  timer_event_spec,timer_t __user *  created_timer_id);
260 long sys_timer_settime( const clockid_t  which_clock,struct sigevent __user *  timer_event_spec,timer_t __user *  created_timer_id);
261 long sys_timer_gettime( const clockid_t  which_clock,struct sigevent __user *  timer_event_spec,timer_t __user *  created_timer_id);
262 long sys_timer_getoverrun( const clockid_t  which_clock,struct sigevent __user *  timer_event_spec,timer_t __user *  created_timer_id);
263 long sys_timer_delete( const clockid_t  which_clock,struct sigevent __user *  timer_event_spec,timer_t __user *  created_timer_id);
264 long sys_clock_settime( const clockid_t  which_clock,struct sigevent __user *  timer_event_spec,timer_t __user *  created_timer_id);
265 long sys_clock_gettime( const clockid_t  which_clock,struct sigevent __user *  timer_event_spec,timer_t __user *  created_timer_id);
266 long sys_clock_getres( const clockid_t  which_clock,struct sigevent __user *  timer_event_spec,timer_t __user *  created_timer_id);
267 long sys_clock_nanosleep( const clockid_t  which_clock,struct sigevent __user *  timer_event_spec,timer_t __user *  created_timer_id);
268 long sys_statfs64( const char __user *  pathname, struct statfs __user *  buf);
269 long sys_fstatfs64( const char __user *  pathname, struct statfs __user *  buf);
270 long sys_tgkill(void);
271 long sys_utimes( char __user *  filename, struct utimbuf __user *  times);
272 long sys_fadvise64_64((int fd, loff_t offset, loff_t len, int advice);
277 long sys_mq_open( const char __user *  u_name, int  oflag, umode_t  mode,struct mq_attr __user *  u_attr);
278 long sys_mq_unlink( const char __user *  u_name, int  oflag, umode_t  mode,struct mq_attr __user *  u_attr);
279 long sys_mq_timedsend( const char __user *  u_name, int  oflag, umode_t  mode,struct mq_attr __user *  u_attr);
280 long sys_mq_timedreceive( const char __user *  u_name, int  oflag, umode_t  mode,struct mq_attr __user *  u_attr);
281 long sys_mq_notify( const char __user *  u_name, int  oflag, umode_t  mode,struct mq_attr __user *  u_attr);
282 long sys_mq_getsetattr( const char __user *  u_name, int  oflag, umode_t  mode,struct mq_attr __user *  u_attr);
283 long sys_kexec_load( unsigned long  entry, unsigned long  nr_segments,struct kexec_segment __user *  segments, unsigned long  flags);
284 long sys_waitid( int  error_code);
286 long sys_add_key( const char __user *  _type,const char __user *  _description,const void __user *  _payload,size_t  plen,key_serial_t  ringid);
287 long sys_request_key( const char __user *  _type,const char __user *  _description,const void __user *  _payload,size_t  plen,key_serial_t  ringid);
288 long sys_keyctl( const char __user *  _type,const char __user *  _description,const void __user *  _payload,size_t  plen,key_serial_t  ringid);
289 long sys_ioprio_set( int  which, int  who, int  ioprio);
290 long sys_ioprio_get( int  which, int  who, int  ioprio);
291 long sys_inotify_init(void);
292 long sys_inotify_add_watch(void);
293 long sys_inotify_rm_watch(void);
295 long sys_openat(void);
296 long sys_mkdirat( int  dfd, const char __user *  filename, umode_t  mode,unsigned  dev);
297 long sys_mknodat( int  dfd, const char __user *  filename, umode_t  mode,unsigned  dev);
298 long sys_fchownat(void);
299 long sys_futimesat( char __user *  filename, struct utimbuf __user *  times);
300 long sys_fstatat64( const char __user *  filename,struct __old_kernel_stat __user *  statbuf);
301 long sys_unlinkat( int  dfd, const char __user *  filename, umode_t  mode,unsigned  dev);
302 long sys_renameat( int  dfd, const char __user *  filename, umode_t  mode,unsigned  dev);
303 long sys_linkat( int  dfd, const char __user *  filename, umode_t  mode,unsigned  dev);
304 long sys_symlinkat( int  dfd, const char __user *  filename, umode_t  mode,unsigned  dev);
305 long sys_readlinkat( const char __user *  filename,struct __old_kernel_stat __user *  statbuf);
306 long sys_fchmodat(void);
307 long sys_faccessat(void);
308 long sys_pselect6( int  n, fd_set __user *  inp, fd_set __user *  outp,fd_set __user *  exp, struct timeval __user *  tvp);
309 long sys_ppoll( int  n, fd_set __user *  inp, fd_set __user *  outp,fd_set __user *  exp, struct timeval __user *  tvp);
310 long sys_unshare( int __user *  tidptr);
311 long sys_set_robust_list( struct robust_list_head __user *  head,size_t  len);
312 long sys_get_robust_list( struct robust_list_head __user *  head,size_t  len);
313 long sys_splice( int  fd, const struct iovec __user *  iov,unsigned long  nr_segs, unsigned int  flags);
314 long sys_sync_file_range(void);
315 long sys_tee( int  fd, const struct iovec __user *  iov,unsigned long  nr_segs, unsigned int  flags);
316 long sys_vmsplice( int  fd, const struct iovec __user *  iov,unsigned long  nr_segs, unsigned int  flags);
318 long sys_getcpu(void);
319 long sys_epoll_pwait( int  flags);
320 long sys_utimensat( char __user *  filename, struct utimbuf __user *  times);
321 long sys_signalfd( int  ufd, sigset_t __user *  user_mask,size_t  sizemask, int  flags);
322 long sys_timerfd_create( int  clockid, int  flags);
323 long sys_eventfd( unsigned int  count, int  flags);
324 long sys_fallocate(void);
325 long sys_timerfd_settime( int  clockid, int  flags);
326 long sys_timerfd_gettime( int  clockid, int  flags);
327 long sys_signalfd4( int  ufd, sigset_t __user *  user_mask,size_t  sizemask, int  flags);
328 long sys_eventfd2( unsigned int  count, int  flags);
329 long sys_epoll_create1( int  flags);
330 long sys_dup3( unsigned int  oldfd, unsigned int  newfd, int  flags);
331 long sys_pipe2( int __user *  fildes, int  flags);
332 long sys_inotify_init1(void);
333 long sys_preadv( unsigned int  fd, off_t  offset, unsigned int  origin);
334 long sys_pwritev( unsigned int  fd, off_t  offset, unsigned int  origin);
335 long sys_rt_tgsigqueueinfo(void);
336 long sys_perf_event_open(struct perf_event_attr __user *  attr_uptr,pid_t  pid, int  cpu, int  group_fd, unsigned long  flags);
337 long sys_recvmmsg( int  family, int  type, int  protocol);
340 long sys_prlimit64(void);
343 long sys_clock_adjtime( const clockid_t  which_clock,struct sigevent __user *  timer_event_spec,timer_t __user *  created_timer_id);
344 long sys_syncfs(void);
345 long sys_sendmmsg( int  family, int  type, int  protocol);
346 long sys_setns( int  fd, int  nstype);
347 long sys_process_vm_readv( pid_t  pid, const struct iovec __user *  lvec,unsigned long  liovcnt, const struct iovec __user *  rvec,unsigned long  riovcnt,unsigned long  flags);
348 long sys_process_vm_writev( pid_t  pid, const struct iovec __user *  lvec,unsigned long  liovcnt, const struct iovec __user *  rvec,unsigned long  riovcnt,unsigned long  flags);
